<?xml version="1.0" encoding="UTF-8"?>
<testsuite name="org.myorg.http.HttpResponseTest" tests="2" skipped="0" failures="0" errors="0" timestamp="2022-06-15T00:39:33" hostname="KAZUAKInoMacBook-Air-2.local" time="0.177">
  <properties/>
  <testcase name="can access information" classname="org.myorg.http.HttpResponseTest" time="0.123"/>
  <testcase name="can get String representation" classname="org.myorg.http.HttpResponseTest" time="0.054"/>
  <system-out><![CDATA[]]></system-out>
  <system-err><![CDATA[]]></system-err>
</testsuite>
